<!DOCTYPE html PUBLIC "-//W3C//DTD XHTML 1.1//EN" "http://www.w3.org/TR/xhtml11/DTD/xhtml11.dtd">
<html xmlns="http://www.w3.org/1999/xhtml"><head><title>TestNG Report</title><style type="text/css">table {margin-bottom:10px;border-collapse:collapse;empty-cells:show}th,td {border:1px solid #009;padding:.25em .5em}th {vertical-align:bottom}td {vertical-align:top}table a {font-weight:bold}.stripe td {background-color: #E6EBF9}.num {text-align:right}.passedodd td {background-color: #3F3}.passedeven td {background-color: #0A0}.skippedodd td {background-color: #DDD}.skippedeven td {background-color: #CCC}.failedodd td,.attn {background-color: #F33}.failedeven td,.stripe .attn {background-color: #D00}.stacktrace {white-space:pre;font-family:monospace}.totop {font-size:85%;text-align:center;border-bottom:2px solid #000}</style></head><body><table><tr><th>Test</th><th># Passed</th><th># Skipped</th><th># Failed</th><th>Time (ms)</th><th>Included Groups</th><th>Excluded Groups</th></tr><tr><th colspan="7">blog</th></tr><tr><td><a href="#t0">User</a></td><td class="num">4</td><td class="num">0</td><td class="num attn">4</td><td class="num">167,426</td><td></td><td></td></tr></table><table><thead><tr><th>Class</th><th>Method</th><th>Start</th><th>Time (ms)</th></tr></thead><tbody><tr><th colspan="4">blog</th></tr></tbody><tbody id="t0"><tr><th colspan="4">User &#8212; failed</th></tr><tr class="failedeven"><td rowspan="1">testcase.Blog_huitie</td><td><a href="#m0">huitie</a></td><td rowspan="1">1527679235888</td><td rowspan="1">10405</td></tr><tr class="failedodd"><td rowspan="2">testcase.Blog_login</td><td><a href="#m1">Alogin</a></td><td rowspan="1">1527679193651</td><td rowspan="1">18146</td></tr><tr class="failedodd"><td><a href="#m2">huifu</a></td><td rowspan="1">1527679216266</td><td rowspan="1">3601</td></tr><tr class="failedeven"><td rowspan="1">testcase.Blog_toupiao</td><td><a href="#m3">tou</a></td><td rowspan="1">1527679265313</td><td rowspan="1">17073</td></tr><tr><th colspan="4">User &#8212; passed</th></tr><tr class="passedeven"><td rowspan="1">testcase.Blog_login</td><td><a href="#m4">login</a></td><td rowspan="1">1527679224307</td><td rowspan="1">7124</td></tr><tr class="passedodd"><td rowspan="1">testcase.Blog_pu_login</td><td><a href="#m5">login</a></td><td rowspan="1">1527679250697</td><td rowspan="1">10274</td></tr><tr class="passedeven"><td rowspan="1">testcase.Blog_sreach</td><td><a href="#m6">sreach</a></td><td rowspan="1">1527679322750</td><td rowspan="1">33075</td></tr><tr class="passedodd"><td rowspan="1">testcase.admin_login</td><td><a href="#m7">A_login</a></td><td rowspan="1">1527679286728</td><td rowspan="1">31651</td></tr></tbody></table><h2>User</h2><h3 id="m0">testcase.Blog_huitie#huitie</h3><table class="result"><tr><th>Exception</th></tr><tr><td><div class="stacktrace">org.openqa.selenium.WebDriverException: unknown error: Element &lt;a href=&quot;member.php?mod=logging&amp;action=logout&amp;formhash=c4b7e1d7&quot;&gt;...&lt;/a&gt; is not clickable at point (1432, 7). Other element would receive the click: &lt;div id=&quot;fwin_dialog_cover&quot; style=&quot;position: absolute; z-index: 900; top: 0px; left: 0px; width: 100%; height: 947px; background-color: rgb(0, 0, 0); opacity: 0.5;&quot;&gt;&lt;/div&gt;
  (Session info: chrome=66.0.3359.181)
  (Driver info: chromedriver=2.38.552522 (437e6fbedfa8762dec75e2c5b3ddb86763dc9dcb),platform=Windows NT 6.3.9600 x86_64) (WARNING: The server did not provide any stacktrace information)
Command duration or timeout: 0 milliseconds
Build info: version: &apos;3.5.1&apos;, revision: &apos;9c21bb67ef&apos;, time: &apos;2017-08-17T15:26:08.955Z&apos;
System info: host: &apos;TR&apos;, ip: &apos;192.168.137.1&apos;, os.name: &apos;Windows 8.1&apos;, os.arch: &apos;amd64&apos;, os.version: &apos;6.3&apos;, java.version: &apos;1.8.0_151&apos;
Driver info: org.openqa.selenium.chrome.ChromeDriver
Capabilities [{mobileEmulationEnabled=false, hasTouchScreen=false, platform=WIN8_1, acceptSslCerts=false, acceptInsecureCerts=false, webStorageEnabled=true, browserName=chrome, takesScreenshot=true, javascriptEnabled=true, setWindowRect=true, unexpectedAlertBehaviour=, applicationCacheEnabled=false, rotatable=false, networkConnectionEnabled=false, chrome={chromedriverVersion=2.38.552522 (437e6fbedfa8762dec75e2c5b3ddb86763dc9dcb), userDataDir=C:\Users\CHENJI~1\AppData\Local\Temp\scoped_dir15916_30205}, takesHeapSnapshot=true, pageLoadStrategy=normal, unhandledPromptBehavior=, databaseEnabled=false, handlesAlerts=true, version=66.0.3359.181, browserConnectionEnabled=false, nativeEvents=true, locationContextEnabled=true, cssSelectorsEnabled=true}]
Session ID: 42e4678856257e2c66bf42ec56ee46ad
	at org.openqa.selenium.remote.ErrorHandler.createThrowable(ErrorHandler.java:215)
	at org.openqa.selenium.remote.ErrorHandler.throwIfResponseFailed(ErrorHandler.java:167)
	at org.openqa.selenium.remote.http.JsonHttpResponseCodec.reconstructValue(JsonHttpResponseCodec.java:40)
	at org.openqa.selenium.remote.http.AbstractHttpResponseCodec.decode(AbstractHttpResponseCodec.java:82)
	at org.openqa.selenium.remote.http.AbstractHttpResponseCodec.decode(AbstractHttpResponseCodec.java:45)
	at org.openqa.selenium.remote.HttpCommandExecutor.execute(HttpCommandExecutor.java:164)
	at org.openqa.selenium.remote.service.DriverCommandExecutor.execute(DriverCommandExecutor.java:82)
	at org.openqa.selenium.remote.RemoteWebDriver.execute(RemoteWebDriver.java:641)
	at org.openqa.selenium.remote.RemoteWebElement.execute(RemoteWebElement.java:275)
	at org.openqa.selenium.remote.RemoteWebElement.click(RemoteWebElement.java:82)
	at util.SeleniumUtil.click(SeleniumUtil.java:99)
	at pageHelper.HelperfateiPage.clicklogout(HelperfateiPage.java:45)
	at testcase.Blog_huitie.huitie(Blog_huitie.java:23)
... Removed 34 stack frames</div></td></tr></table><p class="totop"><a href="#summary">back to summary</a></p><h3 id="m1">testcase.Blog_login#Alogin</h3><table class="result"><tr><th>Exception</th></tr><tr><td><div class="stacktrace">java.lang.NullPointerException
	at util.SeleniumUtil.click(SeleniumUtil.java:99)
	at pageHelper.HelperLoginPage.clickkuai(HelperLoginPage.java:71)
	at pageHelper.HelperLoginPage.adminlogin(HelperLoginPage.java:129)
	at testcase.Blog_login.Alogin(Blog_login.java:34)
... Removed 30 stack frames</div></td></tr></table><p class="totop"><a href="#summary">back to summary</a></p><h3 id="m2">testcase.Blog_login#huifu</h3><table class="result"><tr><th>Exception</th></tr><tr><td><div class="stacktrace">java.lang.NullPointerException
	at util.SeleniumUtil.click(SeleniumUtil.java:99)
	at pageHelper.HelperLoginPage.clicktie(HelperLoginPage.java:34)
	at pageHelper.HelperLoginPage.huifu(HelperLoginPage.java:99)
	at testcase.Blog_login.huifu(Blog_login.java:30)
... Removed 30 stack frames</div></td></tr></table><p class="totop"><a href="#summary">back to summary</a></p><h3 id="m3">testcase.Blog_toupiao#tou</h3><table class="result"><tr><th>Exception</th></tr><tr><td><div class="stacktrace">java.lang.AssertionError: 超时!! 10 秒之后还没找到元素 [By.id: option_1]
	at util.SeleniumUtil.waitForElementLoad(SeleniumUtil.java:198)
	at pageHelper.HelperToupiao.xuan(HelperToupiao.java:43)
	at testcase.Blog_toupiao.tou(Blog_toupiao.java:29)
... Removed 31 stack frames</div></td></tr></table><p class="totop"><a href="#summary">back to summary</a></p><h3 id="m4">testcase.Blog_login#login</h3><table class="result"></table><p class="totop"><a href="#summary">back to summary</a></p><h3 id="m5">testcase.Blog_pu_login#login</h3><table class="result"></table><p class="totop"><a href="#summary">back to summary</a></p><h3 id="m6">testcase.Blog_sreach#sreach</h3><table class="result"></table><p class="totop"><a href="#summary">back to summary</a></p><h3 id="m7">testcase.admin_login#A_login</h3><table class="result"></table><p class="totop"><a href="#summary">back to summary</a></p></body></html>