<?xml version="1.0" encoding="UTF-8" ?>
<testsuite tests="8" failures="4" name="TestSuite" time="168.31" errors="0" skipped="0">
  <properties>
    <property name="java.runtime.name" value="Java(TM) SE Runtime Environment"/>
    <property name="sun.boot.library.path" value="C:\Program Files\Java\jdk1.8.0_151\jre\bin"/>
    <property name="java.vm.version" value="25.151-b12"/>
    <property name="java.vm.vendor" value="Oracle Corporation"/>
    <property name="java.vendor.url" value="http://java.oracle.com/"/>
    <property name="path.separator" value=";"/>
    <property name="java.vm.name" value="Java HotSpot(TM) 64-Bit Server VM"/>
    <property name="file.encoding.pkg" value="sun.io"/>
    <property name="user.script" value=""/>
    <property name="user.country" value="CN"/>
    <property name="sun.java.launcher" value="SUN_STANDARD"/>
    <property name="sun.os.patch.level" value=""/>
    <property name="java.vm.specification.name" value="Java Virtual Machine Specification"/>
    <property name="user.dir" value="G:\浩泰斯特\自动化测试\Blog"/>
    <property name="java.runtime.version" value="1.8.0_151-b12"/>
    <property name="java.awt.graphicsenv" value="sun.awt.Win32GraphicsEnvironment"/>
    <property name="basedir" value="G:\浩泰斯特\自动化测试\Blog"/>
    <property name="java.endorsed.dirs" value="C:\Program Files\Java\jdk1.8.0_151\jre\lib\endorsed"/>
    <property name="os.arch" value="amd64"/>
    <property name="surefire.real.class.path" value="C:\Users\CHENJI~1\AppData\Local\Temp\surefirebooter992263066534239483.jar"/>
    <property name="java.io.tmpdir" value="C:\Users\CHENJI~1\AppData\Local\Temp\"/>
    <property name="line.separator" value="
"/>
    <property name="java.vm.specification.vendor" value="Oracle Corporation"/>
    <property name="user.variant" value=""/>
    <property name="os.name" value="Windows 8.1"/>
    <property name="sun.jnu.encoding" value="GBK"/>
    <property name="java.library.path" value="C:\Program Files\Java\jdk1.8.0_151\jre\bin;C:\Windows\Sun\Java\bin;C:\Windows\system32;C:\Windows;E:\Python27;D:\Program Files\Python36\Scripts;D:\Program Files\Python36;C:\adt-bundle-windows\sdk\tools;C:\adt-bundle-windows\sdk\platform-tools;D:\maven-3.0.5\bin;C:\Program Files (x86)\Common Files\NetSarang;C:\Program Files\Java\jdk1.8.0_151\bin;C:\ProgramData\Oracle\Java\javapath;C:\Program Files\Java\jdk1.8.0_151\bin;C:\Program Files (x86)\Intel\iCLS Client\;C:\Program Files\Intel\iCLS Client\;C:\Program Files (x86)\NVIDIA Corporation\PhysX\Common;C:\Windows\system32;C:\Windows;C:\Windows\System32\Wbem;C:\Windows\System32\WindowsPowerShell\v1.0\;C:\Program Files\Intel\Intel(R) Management Engine Components\DAL;C:\Program Files (x86)\Intel\Intel(R) Management Engine Components\DAL;C:\Program Files\Intel\Intel(R) Management Engine Components\IPT;C:\Program Files (x86)\Intel\Intel(R) Management Engine Components\IPT;C:\Program Files\Intel\WiFi\bin\;C:\Program Files\Common Files\Intel\WirelessCommon\;C:\Program Files\Common Files\Autodesk Shared\;C:\Program Files (x86)\Microsoft SQL Server\100\Tools\Binn\;C:\Program Files\Microsoft SQL Server\100\Tools\Binn\;C:\Program Files\Microsoft SQL Server\100\DTS\Binn\;C:\Program Files (x86)\Windows Kits\8.1\Windows Performance Toolkit\;C:\Program Files\Microsoft SQL Server\110\Tools\Binn\;C:\Program Files (x86)\Microsoft SQL Server\100\Tools\Binn\VSShell\Common7\IDE\;C:\Program Files (x86)\Microsoft Visual Studio 9.0\Common7\IDE\PrivateAssemblies\;C:\Program Files (x86)\Microsoft SQL Server\100\DTS\Binn\;C:\Program Files (x86)\Microsoft SQL Server\90\Tools\binn\;C:\Program Files (x86)\PICT\;C:\Program Files\MySQL\MySQL Utilities 1.6\;C:\strawberry\c\bin;C:\strawberry\perl\bin;C:\Program Files (x86)\HP\NV\lib\shunra\snv:c:\windows\system32;D:\Program Files\Git\cmd;D:\Program Files\nodejs\;D:\Users\chenjiewei\AppData\Local\Programs\Python\Python36\Scripts\;D:\Users\chenjiewei\AppData\Local\Programs\Python\Python36\;C:\Users\chenjiewei\AppData\Roaming\npm;D:\Program Files (x86)\Nmap;."/>
    <property name="surefire.test.class.path" value="G:\浩泰斯特\自动化测试\Blog\target\test-classes;G:\浩泰斯特\自动化测试\Blog\target\classes;D:\maven-3.0.5\userlib\org\apache\maven\plugins\maven-resources-plugin\2.5\maven-resources-plugin-2.5.jar;D:\maven-3.0.5\userlib\org\apache\maven\maven-plugin-api\2.0.6\maven-plugin-api-2.0.6.jar;D:\maven-3.0.5\userlib\org\apache\maven\maven-project\2.0.6\maven-project-2.0.6.jar;D:\maven-3.0.5\userlib\org\apache\maven\maven-profile\2.0.6\maven-profile-2.0.6.jar;D:\maven-3.0.5\userlib\org\apache\maven\maven-artifact-manager\2.0.6\maven-artifact-manager-2.0.6.jar;D:\maven-3.0.5\userlib\org\apache\maven\maven-plugin-registry\2.0.6\maven-plugin-registry-2.0.6.jar;D:\maven-3.0.5\userlib\org\apache\maven\maven-core\2.0.6\maven-core-2.0.6.jar;D:\maven-3.0.5\userlib\org\apache\maven\wagon\wagon-file\1.0-beta-2\wagon-file-1.0-beta-2.jar;D:\maven-3.0.5\userlib\org\apache\maven\maven-plugin-parameter-documenter\2.0.6\maven-plugin-parameter-documenter-2.0.6.jar;D:\maven-3.0.5\userlib\org\apache\maven\wagon\wagon-http-lightweight\1.0-beta-2\wagon-http-lightweight-1.0-beta-2.jar;D:\maven-3.0.5\userlib\org\apache\maven\wagon\wagon-http-shared\1.0-beta-2\wagon-http-shared-1.0-beta-2.jar;D:\maven-3.0.5\userlib\jtidy\jtidy\4aug2000r7-dev\jtidy-4aug2000r7-dev.jar;D:\maven-3.0.5\userlib\xml-apis\xml-apis\1.0.b2\xml-apis-1.0.b2.jar;D:\maven-3.0.5\userlib\org\apache\maven\reporting\maven-reporting-api\2.0.6\maven-reporting-api-2.0.6.jar;D:\maven-3.0.5\userlib\org\apache\maven\doxia\doxia-sink-api\1.0-alpha-7\doxia-sink-api-1.0-alpha-7.jar;D:\maven-3.0.5\userlib\org\apache\maven\wagon\wagon-provider-api\1.0-beta-2\wagon-provider-api-1.0-beta-2.jar;D:\maven-3.0.5\userlib\org\apache\maven\maven-repository-metadata\2.0.6\maven-repository-metadata-2.0.6.jar;D:\maven-3.0.5\userlib\org\apache\maven\maven-error-diagnostics\2.0.6\maven-error-diagnostics-2.0.6.jar;D:\maven-3.0.5\userlib\commons-cli\commons-cli\1.0\commons-cli-1.0.jar;D:\maven-3.0.5\userlib\org\apache\maven\wagon\wagon-ssh-external\1.0-beta-2\wagon-ssh-external-1.0-beta-2.jar;D:\maven-3.0.5\userlib\org\apache\maven\wagon\wagon-ssh-common\1.0-beta-2\wagon-ssh-common-1.0-beta-2.jar;D:\maven-3.0.5\userlib\org\apache\maven\maven-plugin-descriptor\2.0.6\maven-plugin-descriptor-2.0.6.jar;D:\maven-3.0.5\userlib\org\codehaus\plexus\plexus-interactivity-api\1.0-alpha-4\plexus-interactivity-api-1.0-alpha-4.jar;D:\maven-3.0.5\userlib\org\apache\maven\wagon\wagon-ssh\1.0-beta-2\wagon-ssh-1.0-beta-2.jar;D:\maven-3.0.5\userlib\com\jcraft\jsch\0.1.27\jsch-0.1.27.jar;D:\maven-3.0.5\userlib\classworlds\classworlds\1.1\classworlds-1.1.jar;D:\maven-3.0.5\userlib\org\apache\maven\maven-artifact\2.0.6\maven-artifact-2.0.6.jar;D:\maven-3.0.5\userlib\org\apache\maven\maven-settings\2.0.6\maven-settings-2.0.6.jar;D:\maven-3.0.5\userlib\org\apache\maven\maven-model\2.0.6\maven-model-2.0.6.jar;D:\maven-3.0.5\userlib\org\apache\maven\maven-monitor\2.0.6\maven-monitor-2.0.6.jar;D:\maven-3.0.5\userlib\org\codehaus\plexus\plexus-container-default\1.0-alpha-9-stable-1\plexus-container-default-1.0-alpha-9-stable-1.jar;D:\maven-3.0.5\userlib\junit\junit\3.8.1\junit-3.8.1.jar;D:\maven-3.0.5\userlib\org\codehaus\plexus\plexus-utils\2.0.5\plexus-utils-2.0.5.jar;D:\maven-3.0.5\userlib\org\apache\maven\shared\maven-filtering\1.0\maven-filtering-1.0.jar;D:\maven-3.0.5\userlib\org\sonatype\plexus\plexus-build-api\0.0.4\plexus-build-api-0.0.4.jar;D:\maven-3.0.5\userlib\org\codehaus\plexus\plexus-interpolation\1.13\plexus-interpolation-1.13.jar;D:\maven-3.0.5\userlib\log4j\log4j\1.2.16\log4j-1.2.16.jar;D:\maven-3.0.5\userlib\net\sourceforge\jexcelapi\jxl\2.6.12\jxl-2.6.12.jar;D:\maven-3.0.5\userlib\org\seleniumhq\selenium\selenium-firefox-driver\3.5.1\selenium-firefox-driver-3.5.1.jar;D:\maven-3.0.5\userlib\org\seleniumhq\selenium\selenium-api\3.5.1\selenium-api-3.5.1.jar;D:\maven-3.0.5\userlib\org\seleniumhq\selenium\selenium-remote-driver\3.5.1\selenium-remote-driver-3.5.1.jar;D:\maven-3.0.5\userlib\cglib\cglib-nodep\3.2.4\cglib-nodep-3.2.4.jar;D:\maven-3.0.5\userlib\org\apache\commons\commons-exec\1.3\commons-exec-1.3.jar;D:\maven-3.0.5\userlib\commons-codec\commons-codec\1.10\commons-codec-1.10.jar;D:\maven-3.0.5\userlib\commons-logging\commons-logging\1.2\commons-logging-1.2.jar;D:\maven-3.0.5\userlib\com\google\code\gson\gson\2.8.0\gson-2.8.0.jar;D:\maven-3.0.5\userlib\com\google\guava\guava\23.0\guava-23.0.jar;D:\maven-3.0.5\userlib\com\google\code\findbugs\jsr305\1.3.9\jsr305-1.3.9.jar;D:\maven-3.0.5\userlib\com\google\errorprone\error_prone_annotations\2.0.18\error_prone_annotations-2.0.18.jar;D:\maven-3.0.5\userlib\com\google\j2objc\j2objc-annotations\1.1\j2objc-annotations-1.1.jar;D:\maven-3.0.5\userlib\org\codehaus\mojo\animal-sniffer-annotations\1.14\animal-sniffer-annotations-1.14.jar;D:\maven-3.0.5\userlib\org\apache\httpcomponents\httpclient\4.5.3\httpclient-4.5.3.jar;D:\maven-3.0.5\userlib\org\apache\httpcomponents\httpcore\4.4.6\httpcore-4.4.6.jar;D:\maven-3.0.5\userlib\net\java\dev\jna\jna\4.1.0\jna-4.1.0.jar;D:\maven-3.0.5\userlib\net\java\dev\jna\jna-platform\4.1.0\jna-platform-4.1.0.jar;D:\maven-3.0.5\userlib\org\apache\poi\poi-ooxml\3.17\poi-ooxml-3.17.jar;D:\maven-3.0.5\userlib\org\apache\poi\poi\3.17\poi-3.17.jar;D:\maven-3.0.5\userlib\org\apache\commons\commons-collections4\4.1\commons-collections4-4.1.jar;D:\maven-3.0.5\userlib\org\apache\poi\poi-ooxml-schemas\3.17\poi-ooxml-schemas-3.17.jar;D:\maven-3.0.5\userlib\org\apache\xmlbeans\xmlbeans\2.6.0\xmlbeans-2.6.0.jar;D:\maven-3.0.5\userlib\stax\stax-api\1.0.1\stax-api-1.0.1.jar;D:\maven-3.0.5\userlib\com\github\virtuald\curvesapi\1.04\curvesapi-1.04.jar;D:\maven-3.0.5\userlib\org\testng\testng\6.9.10\testng-6.9.10.jar;D:\maven-3.0.5\userlib\com\beust\jcommander\1.48\jcommander-1.48.jar;D:\maven-3.0.5\userlib\org\beanshell\bsh\2.0b4\bsh-2.0b4.jar;D:\maven-3.0.5\userlib\org\seleniumhq\selenium\selenium-java\2.48.2\selenium-java-2.48.2.jar;D:\maven-3.0.5\userlib\org\seleniumhq\selenium\selenium-chrome-driver\2.48.2\selenium-chrome-driver-2.48.2.jar;D:\maven-3.0.5\userlib\org\seleniumhq\selenium\selenium-edge-driver\2.48.2\selenium-edge-driver-2.48.2.jar;D:\maven-3.0.5\userlib\commons-io\commons-io\2.4\commons-io-2.4.jar;D:\maven-3.0.5\userlib\org\seleniumhq\selenium\selenium-htmlunit-driver\2.48.2\selenium-htmlunit-driver-2.48.2.jar;D:\maven-3.0.5\userlib\net\sourceforge\htmlunit\htmlunit\2.18\htmlunit-2.18.jar;D:\maven-3.0.5\userlib\xalan\xalan\2.7.2\xalan-2.7.2.jar;D:\maven-3.0.5\userlib\xalan\serializer\2.7.2\serializer-2.7.2.jar;D:\maven-3.0.5\userlib\commons-collections\commons-collections\3.2.1\commons-collections-3.2.1.jar;D:\maven-3.0.5\userlib\org\apache\commons\commons-lang3\3.4\commons-lang3-3.4.jar;D:\maven-3.0.5\userlib\org\apache\httpcomponents\httpmime\4.5\httpmime-4.5.jar;D:\maven-3.0.5\userlib\net\sourceforge\htmlunit\htmlunit-core-js\2.17\htmlunit-core-js-2.17.jar;D:\maven-3.0.5\userlib\xerces\xercesImpl\2.11.0\xercesImpl-2.11.0.jar;D:\maven-3.0.5\userlib\net\sourceforge\nekohtml\nekohtml\1.9.22\nekohtml-1.9.22.jar;D:\maven-3.0.5\userlib\net\sourceforge\cssparser\cssparser\0.9.16\cssparser-0.9.16.jar;D:\maven-3.0.5\userlib\org\w3c\css\sac\1.3\sac-1.3.jar;D:\maven-3.0.5\userlib\org\eclipse\jetty\websocket\websocket-client\9.2.12.v20150709\websocket-client-9.2.12.v20150709.jar;D:\maven-3.0.5\userlib\org\eclipse\jetty\jetty-util\9.2.12.v20150709\jetty-util-9.2.12.v20150709.jar;D:\maven-3.0.5\userlib\org\eclipse\jetty\jetty-io\9.2.12.v20150709\jetty-io-9.2.12.v20150709.jar;D:\maven-3.0.5\userlib\org\eclipse\jetty\websocket\websocket-common\9.2.12.v20150709\websocket-common-9.2.12.v20150709.jar;D:\maven-3.0.5\userlib\org\eclipse\jetty\websocket\websocket-api\9.2.12.v20150709\websocket-api-9.2.12.v20150709.jar;D:\maven-3.0.5\userlib\org\seleniumhq\selenium\selenium-ie-driver\2.48.2\selenium-ie-driver-2.48.2.jar;D:\maven-3.0.5\userlib\org\seleniumhq\selenium\selenium-safari-driver\2.48.2\selenium-safari-driver-2.48.2.jar;D:\maven-3.0.5\userlib\org\seleniumhq\selenium\selenium-support\2.48.2\selenium-support-2.48.2.jar;D:\maven-3.0.5\userlib\org\webbitserver\webbit\0.4.14\webbit-0.4.14.jar;D:\maven-3.0.5\userlib\io\netty\netty\3.5.2.Final\netty-3.5.2.Final.jar;D:\maven-3.0.5\userlib\org\seleniumhq\selenium\selenium-leg-rc\2.48.2\selenium-leg-rc-2.48.2.jar;"/>
    <property name="java.specification.name" value="Java Platform API Specification"/>
    <property name="java.class.version" value="52.0"/>
    <property name="sun.management.compiler" value="HotSpot 64-Bit Tiered Compilers"/>
    <property name="os.version" value="6.3"/>
    <property name="user.home" value="C:\Users\chenjiewei"/>
    <property name="user.timezone" value="GMT+08:00"/>
    <property name="java.awt.printerjob" value="sun.awt.windows.WPrinterJob"/>
    <property name="java.specification.version" value="1.8"/>
    <property name="file.encoding" value="GBK"/>
    <property name="user.name" value="chenjiewei"/>
    <property name="java.class.path" value="G:\浩泰斯特\自动化测试\Blog\target\test-classes;G:\浩泰斯特\自动化测试\Blog\target\classes;D:\maven-3.0.5\userlib\org\apache\maven\plugins\maven-resources-plugin\2.5\maven-resources-plugin-2.5.jar;D:\maven-3.0.5\userlib\org\apache\maven\maven-plugin-api\2.0.6\maven-plugin-api-2.0.6.jar;D:\maven-3.0.5\userlib\org\apache\maven\maven-project\2.0.6\maven-project-2.0.6.jar;D:\maven-3.0.5\userlib\org\apache\maven\maven-profile\2.0.6\maven-profile-2.0.6.jar;D:\maven-3.0.5\userlib\org\apache\maven\maven-artifact-manager\2.0.6\maven-artifact-manager-2.0.6.jar;D:\maven-3.0.5\userlib\org\apache\maven\maven-plugin-registry\2.0.6\maven-plugin-registry-2.0.6.jar;D:\maven-3.0.5\userlib\org\apache\maven\maven-core\2.0.6\maven-core-2.0.6.jar;D:\maven-3.0.5\userlib\org\apache\maven\wagon\wagon-file\1.0-beta-2\wagon-file-1.0-beta-2.jar;D:\maven-3.0.5\userlib\org\apache\maven\maven-plugin-parameter-documenter\2.0.6\maven-plugin-parameter-documenter-2.0.6.jar;D:\maven-3.0.5\userlib\org\apache\maven\wagon\wagon-http-lightweight\1.0-beta-2\wagon-http-lightweight-1.0-beta-2.jar;D:\maven-3.0.5\userlib\org\apache\maven\wagon\wagon-http-shared\1.0-beta-2\wagon-http-shared-1.0-beta-2.jar;D:\maven-3.0.5\userlib\jtidy\jtidy\4aug2000r7-dev\jtidy-4aug2000r7-dev.jar;D:\maven-3.0.5\userlib\xml-apis\xml-apis\1.0.b2\xml-apis-1.0.b2.jar;D:\maven-3.0.5\userlib\org\apache\maven\reporting\maven-reporting-api\2.0.6\maven-reporting-api-2.0.6.jar;D:\maven-3.0.5\userlib\org\apache\maven\doxia\doxia-sink-api\1.0-alpha-7\doxia-sink-api-1.0-alpha-7.jar;D:\maven-3.0.5\userlib\org\apache\maven\wagon\wagon-provider-api\1.0-beta-2\wagon-provider-api-1.0-beta-2.jar;D:\maven-3.0.5\userlib\org\apache\maven\maven-repository-metadata\2.0.6\maven-repository-metadata-2.0.6.jar;D:\maven-3.0.5\userlib\org\apache\maven\maven-error-diagnostics\2.0.6\maven-error-diagnostics-2.0.6.jar;D:\maven-3.0.5\userlib\commons-cli\commons-cli\1.0\commons-cli-1.0.jar;D:\maven-3.0.5\userlib\org\apache\maven\wagon\wagon-ssh-external\1.0-beta-2\wagon-ssh-external-1.0-beta-2.jar;D:\maven-3.0.5\userlib\org\apache\maven\wagon\wagon-ssh-common\1.0-beta-2\wagon-ssh-common-1.0-beta-2.jar;D:\maven-3.0.5\userlib\org\apache\maven\maven-plugin-descriptor\2.0.6\maven-plugin-descriptor-2.0.6.jar;D:\maven-3.0.5\userlib\org\codehaus\plexus\plexus-interactivity-api\1.0-alpha-4\plexus-interactivity-api-1.0-alpha-4.jar;D:\maven-3.0.5\userlib\org\apache\maven\wagon\wagon-ssh\1.0-beta-2\wagon-ssh-1.0-beta-2.jar;D:\maven-3.0.5\userlib\com\jcraft\jsch\0.1.27\jsch-0.1.27.jar;D:\maven-3.0.5\userlib\classworlds\classworlds\1.1\classworlds-1.1.jar;D:\maven-3.0.5\userlib\org\apache\maven\maven-artifact\2.0.6\maven-artifact-2.0.6.jar;D:\maven-3.0.5\userlib\org\apache\maven\maven-settings\2.0.6\maven-settings-2.0.6.jar;D:\maven-3.0.5\userlib\org\apache\maven\maven-model\2.0.6\maven-model-2.0.6.jar;D:\maven-3.0.5\userlib\org\apache\maven\maven-monitor\2.0.6\maven-monitor-2.0.6.jar;D:\maven-3.0.5\userlib\org\codehaus\plexus\plexus-container-default\1.0-alpha-9-stable-1\plexus-container-default-1.0-alpha-9-stable-1.jar;D:\maven-3.0.5\userlib\junit\junit\3.8.1\junit-3.8.1.jar;D:\maven-3.0.5\userlib\org\codehaus\plexus\plexus-utils\2.0.5\plexus-utils-2.0.5.jar;D:\maven-3.0.5\userlib\org\apache\maven\shared\maven-filtering\1.0\maven-filtering-1.0.jar;D:\maven-3.0.5\userlib\org\sonatype\plexus\plexus-build-api\0.0.4\plexus-build-api-0.0.4.jar;D:\maven-3.0.5\userlib\org\codehaus\plexus\plexus-interpolation\1.13\plexus-interpolation-1.13.jar;D:\maven-3.0.5\userlib\log4j\log4j\1.2.16\log4j-1.2.16.jar;D:\maven-3.0.5\userlib\net\sourceforge\jexcelapi\jxl\2.6.12\jxl-2.6.12.jar;D:\maven-3.0.5\userlib\org\seleniumhq\selenium\selenium-firefox-driver\3.5.1\selenium-firefox-driver-3.5.1.jar;D:\maven-3.0.5\userlib\org\seleniumhq\selenium\selenium-api\3.5.1\selenium-api-3.5.1.jar;D:\maven-3.0.5\userlib\org\seleniumhq\selenium\selenium-remote-driver\3.5.1\selenium-remote-driver-3.5.1.jar;D:\maven-3.0.5\userlib\cglib\cglib-nodep\3.2.4\cglib-nodep-3.2.4.jar;D:\maven-3.0.5\userlib\org\apache\commons\commons-exec\1.3\commons-exec-1.3.jar;D:\maven-3.0.5\userlib\commons-codec\commons-codec\1.10\commons-codec-1.10.jar;D:\maven-3.0.5\userlib\commons-logging\commons-logging\1.2\commons-logging-1.2.jar;D:\maven-3.0.5\userlib\com\google\code\gson\gson\2.8.0\gson-2.8.0.jar;D:\maven-3.0.5\userlib\com\google\guava\guava\23.0\guava-23.0.jar;D:\maven-3.0.5\userlib\com\google\code\findbugs\jsr305\1.3.9\jsr305-1.3.9.jar;D:\maven-3.0.5\userlib\com\google\errorprone\error_prone_annotations\2.0.18\error_prone_annotations-2.0.18.jar;D:\maven-3.0.5\userlib\com\google\j2objc\j2objc-annotations\1.1\j2objc-annotations-1.1.jar;D:\maven-3.0.5\userlib\org\codehaus\mojo\animal-sniffer-annotations\1.14\animal-sniffer-annotations-1.14.jar;D:\maven-3.0.5\userlib\org\apache\httpcomponents\httpclient\4.5.3\httpclient-4.5.3.jar;D:\maven-3.0.5\userlib\org\apache\httpcomponents\httpcore\4.4.6\httpcore-4.4.6.jar;D:\maven-3.0.5\userlib\net\java\dev\jna\jna\4.1.0\jna-4.1.0.jar;D:\maven-3.0.5\userlib\net\java\dev\jna\jna-platform\4.1.0\jna-platform-4.1.0.jar;D:\maven-3.0.5\userlib\org\apache\poi\poi-ooxml\3.17\poi-ooxml-3.17.jar;D:\maven-3.0.5\userlib\org\apache\poi\poi\3.17\poi-3.17.jar;D:\maven-3.0.5\userlib\org\apache\commons\commons-collections4\4.1\commons-collections4-4.1.jar;D:\maven-3.0.5\userlib\org\apache\poi\poi-ooxml-schemas\3.17\poi-ooxml-schemas-3.17.jar;D:\maven-3.0.5\userlib\org\apache\xmlbeans\xmlbeans\2.6.0\xmlbeans-2.6.0.jar;D:\maven-3.0.5\userlib\stax\stax-api\1.0.1\stax-api-1.0.1.jar;D:\maven-3.0.5\userlib\com\github\virtuald\curvesapi\1.04\curvesapi-1.04.jar;D:\maven-3.0.5\userlib\org\testng\testng\6.9.10\testng-6.9.10.jar;D:\maven-3.0.5\userlib\com\beust\jcommander\1.48\jcommander-1.48.jar;D:\maven-3.0.5\userlib\org\beanshell\bsh\2.0b4\bsh-2.0b4.jar;D:\maven-3.0.5\userlib\org\seleniumhq\selenium\selenium-java\2.48.2\selenium-java-2.48.2.jar;D:\maven-3.0.5\userlib\org\seleniumhq\selenium\selenium-chrome-driver\2.48.2\selenium-chrome-driver-2.48.2.jar;D:\maven-3.0.5\userlib\org\seleniumhq\selenium\selenium-edge-driver\2.48.2\selenium-edge-driver-2.48.2.jar;D:\maven-3.0.5\userlib\commons-io\commons-io\2.4\commons-io-2.4.jar;D:\maven-3.0.5\userlib\org\seleniumhq\selenium\selenium-htmlunit-driver\2.48.2\selenium-htmlunit-driver-2.48.2.jar;D:\maven-3.0.5\userlib\net\sourceforge\htmlunit\htmlunit\2.18\htmlunit-2.18.jar;D:\maven-3.0.5\userlib\xalan\xalan\2.7.2\xalan-2.7.2.jar;D:\maven-3.0.5\userlib\xalan\serializer\2.7.2\serializer-2.7.2.jar;D:\maven-3.0.5\userlib\commons-collections\commons-collections\3.2.1\commons-collections-3.2.1.jar;D:\maven-3.0.5\userlib\org\apache\commons\commons-lang3\3.4\commons-lang3-3.4.jar;D:\maven-3.0.5\userlib\org\apache\httpcomponents\httpmime\4.5\httpmime-4.5.jar;D:\maven-3.0.5\userlib\net\sourceforge\htmlunit\htmlunit-core-js\2.17\htmlunit-core-js-2.17.jar;D:\maven-3.0.5\userlib\xerces\xercesImpl\2.11.0\xercesImpl-2.11.0.jar;D:\maven-3.0.5\userlib\net\sourceforge\nekohtml\nekohtml\1.9.22\nekohtml-1.9.22.jar;D:\maven-3.0.5\userlib\net\sourceforge\cssparser\cssparser\0.9.16\cssparser-0.9.16.jar;D:\maven-3.0.5\userlib\org\w3c\css\sac\1.3\sac-1.3.jar;D:\maven-3.0.5\userlib\org\eclipse\jetty\websocket\websocket-client\9.2.12.v20150709\websocket-client-9.2.12.v20150709.jar;D:\maven-3.0.5\userlib\org\eclipse\jetty\jetty-util\9.2.12.v20150709\jetty-util-9.2.12.v20150709.jar;D:\maven-3.0.5\userlib\org\eclipse\jetty\jetty-io\9.2.12.v20150709\jetty-io-9.2.12.v20150709.jar;D:\maven-3.0.5\userlib\org\eclipse\jetty\websocket\websocket-common\9.2.12.v20150709\websocket-common-9.2.12.v20150709.jar;D:\maven-3.0.5\userlib\org\eclipse\jetty\websocket\websocket-api\9.2.12.v20150709\websocket-api-9.2.12.v20150709.jar;D:\maven-3.0.5\userlib\org\seleniumhq\selenium\selenium-ie-driver\2.48.2\selenium-ie-driver-2.48.2.jar;D:\maven-3.0.5\userlib\org\seleniumhq\selenium\selenium-safari-driver\2.48.2\selenium-safari-driver-2.48.2.jar;D:\maven-3.0.5\userlib\org\seleniumhq\selenium\selenium-support\2.48.2\selenium-support-2.48.2.jar;D:\maven-3.0.5\userlib\org\webbitserver\webbit\0.4.14\webbit-0.4.14.jar;D:\maven-3.0.5\userlib\io\netty\netty\3.5.2.Final\netty-3.5.2.Final.jar;D:\maven-3.0.5\userlib\org\seleniumhq\selenium\selenium-leg-rc\2.48.2\selenium-leg-rc-2.48.2.jar;"/>
    <property name="java.vm.specification.version" value="1.8"/>
    <property name="sun.arch.data.model" value="64"/>
    <property name="java.home" value="C:\Program Files\Java\jdk1.8.0_151\jre"/>
    <property name="sun.java.command" value="C:\Users\CHENJI~1\AppData\Local\Temp\surefirebooter992263066534239483.jar C:\Users\CHENJI~1\AppData\Local\Temp\surefire7593880133178762422tmp C:\Users\CHENJI~1\AppData\Local\Temp\surefire5232896992742988437tmp"/>
    <property name="java.specification.vendor" value="Oracle Corporation"/>
    <property name="user.language" value="zh"/>
    <property name="awt.toolkit" value="sun.awt.windows.WToolkit"/>
    <property name="java.vm.info" value="mixed mode"/>
    <property name="java.version" value="1.8.0_151"/>
    <property name="java.ext.dirs" value="C:\Program Files\Java\jdk1.8.0_151\jre\lib\ext;C:\Windows\Sun\Java\lib\ext"/>
    <property name="sun.boot.class.path" value="C:\Program Files\Java\jdk1.8.0_151\jre\lib\resources.jar;C:\Program Files\Java\jdk1.8.0_151\jre\lib\rt.jar;C:\Program Files\Java\jdk1.8.0_151\jre\lib\sunrsasign.jar;C:\Program Files\Java\jdk1.8.0_151\jre\lib\jsse.jar;C:\Program Files\Java\jdk1.8.0_151\jre\lib\jce.jar;C:\Program Files\Java\jdk1.8.0_151\jre\lib\charsets.jar;C:\Program Files\Java\jdk1.8.0_151\jre\lib\jfr.jar;C:\Program Files\Java\jdk1.8.0_151\jre\classes"/>
    <property name="webdriver.chrome.driver" value="D:\chrome&amp;driver\chromedriver.exe"/>
    <property name="java.vendor" value="Oracle Corporation"/>
    <property name="localRepository" value="D:\maven-3.0.5\userlib"/>
    <property name="file.separator" value="\"/>
    <property name="java.vendor.url.bug" value="http://bugreport.sun.com/bugreport/"/>
    <property name="sun.cpu.endian" value="little"/>
    <property name="sun.io.unicode.encoding" value="UnicodeLittle"/>
    <property name="sun.desktop" value="windows"/>
    <property name="sun.cpu.isalist" value="amd64"/>
  </properties>
  <testcase classname="testcase.Blog_login" name="Alogin" time="18.166">
    <failure type="java.lang.NullPointerException">java.lang.NullPointerException
	at util.SeleniumUtil.click(SeleniumUtil.java:99)
	at pageHelper.HelperLoginPage.clickkuai(HelperLoginPage.java:71)
	at pageHelper.HelperLoginPage.adminlogin(HelperLoginPage.java:129)
	at testcase.Blog_login.Alogin(Blog_login.java:34)
</failure>
    <system-err>org.openqa.selenium.NoSuchElementException: no such element: Unable to locate element: {&quot;method&quot;:&quot;link text&quot;,&quot;selector&quot;:&quot;添加新版块&quot;}
  (Session info: chrome=66.0.3359.181)
  (Driver info: chromedriver=2.38.552522 (437e6fbedfa8762dec75e2c5b3ddb86763dc9dcb),platform=Windows NT 6.3.9600 x86_64) (WARNING: The server did not provide any stacktrace information)
Command duration or timeout: 0 milliseconds
For documentation on this error, please visit: http://seleniumhq.org/exceptions/no_such_element.html
Build info: version: &apos;3.5.1&apos;, revision: &apos;9c21bb67ef&apos;, time: &apos;2017-08-17T15:26:08.955Z&apos;
System info: host: &apos;TR&apos;, ip: &apos;192.168.137.1&apos;, os.name: &apos;Windows 8.1&apos;, os.arch: &apos;amd64&apos;, os.version: &apos;6.3&apos;, java.version: &apos;1.8.0_151&apos;
Driver info: org.openqa.selenium.chrome.ChromeDriver
Capabilities [{mobileEmulationEnabled=false, hasTouchScreen=false, platform=WIN8_1, acceptSslCerts=false, acceptInsecureCerts=false, webStorageEnabled=true, browserName=chrome, takesScreenshot=true, javascriptEnabled=true, setWindowRect=true, unexpectedAlertBehaviour=, applicationCacheEnabled=false, rotatable=false, networkConnectionEnabled=false, chrome={chromedriverVersion=2.38.552522 (437e6fbedfa8762dec75e2c5b3ddb86763dc9dcb), userDataDir=C:\Users\CHENJI~1\AppData\Local\Temp\scoped_dir16204_29565}, takesHeapSnapshot=true, pageLoadStrategy=normal, unhandledPromptBehavior=, databaseEnabled=false, handlesAlerts=true, version=66.0.3359.181, browserConnectionEnabled=false, nativeEvents=true, locationContextEnabled=true, cssSelectorsEnabled=true}]
Session ID: 701ff17316658f74dfe2a214872caddd
*** Element info: {Using=link text, value=添加新版块}
	at sun.reflect.NativeConstructorAccessorImpl.newInstance0(Native Method)
	at sun.reflect.NativeConstructorAccessorImpl.newInstance(NativeConstructorAccessorImpl.java:62)
	at sun.reflect.DelegatingConstructorAccessorImpl.newInstance(DelegatingConstructorAccessorImpl.java:45)
	at java.lang.reflect.Constructor.newInstance(Constructor.java:423)
	at org.openqa.selenium.remote.ErrorHandler.createThrowable(ErrorHandler.java:215)
	at org.openqa.selenium.remote.ErrorHandler.throwIfResponseFailed(ErrorHandler.java:167)
	at org.openqa.selenium.remote.http.JsonHttpResponseCodec.reconstructValue(JsonHttpResponseCodec.java:40)
	at org.openqa.selenium.remote.http.AbstractHttpResponseCodec.decode(AbstractHttpResponseCodec.java:82)
	at org.openqa.selenium.remote.http.AbstractHttpResponseCodec.decode(AbstractHttpResponseCodec.java:45)
	at org.openqa.selenium.remote.HttpCommandExecutor.execute(HttpCommandExecutor.java:164)
	at org.openqa.selenium.remote.service.DriverCommandExecutor.execute(DriverCommandExecutor.java:82)
	at org.openqa.selenium.remote.RemoteWebDriver.execute(RemoteWebDriver.java:641)
	at org.openqa.selenium.remote.RemoteWebDriver.findElement(RemoteWebDriver.java:414)
	at org.openqa.selenium.remote.RemoteWebDriver.findElementByLinkText(RemoteWebDriver.java:465)
	at org.openqa.selenium.By$ByLinkText.findElement(By.java:246)
	at org.openqa.selenium.remote.RemoteWebDriver.findElement(RemoteWebDriver.java:406)
	at util.SeleniumUtil.findElement(SeleniumUtil.java:66)
	at util.SeleniumUtil.click(SeleniumUtil.java:98)
	at pageHelper.HelperLoginPage.clickkuai(HelperLoginPage.java:71)
	at pageHelper.HelperLoginPage.adminlogin(HelperLoginPage.java:129)
	at testcase.Blog_login.Alogin(Blog_login.java:34)
	at sun.reflect.NativeMethodAccessorImpl.invoke0(Native Method)
	at sun.reflect.NativeMethodAccessorImpl.invoke(NativeMethodAccessorImpl.java:62)
	at sun.reflect.DelegatingMethodAccessorImpl.invoke(DelegatingMethodAccessorImpl.java:43)
	at java.lang.reflect.Method.invoke(Method.java:498)
	at org.testng.internal.MethodInvocationHelper.invokeMethod(MethodInvocationHelper.java:86)
	at org.testng.internal.Invoker.invokeMethod(Invoker.java:643)
	at org.testng.internal.Invoker.invokeTestMethod(Invoker.java:820)
	at org.testng.internal.Invoker.invokeTestMethods(Invoker.java:1128)
	at org.testng.internal.TestMethodWorker.invokeTestMethods(TestMethodWorker.java:129)
	at org.testng.internal.TestMethodWorker.run(TestMethodWorker.java:112)
	at org.testng.TestRunner.privateRun(TestRunner.java:782)
	at org.testng.TestRunner.run(TestRunner.java:632)
	at org.testng.SuiteRunner.runTest(SuiteRunner.java:366)
	at org.testng.SuiteRunner.runSequentially(SuiteRunner.java:361)
	at org.testng.SuiteRunner.privateRun(SuiteRunner.java:319)
	at org.testng.SuiteRunner.run(SuiteRunner.java:268)
	at org.testng.SuiteRunnerWorker.runSuite(SuiteRunnerWorker.java:52)
	at org.testng.SuiteRunnerWorker.run(SuiteRunnerWorker.java:86)
	at org.testng.TestNG.runSuitesSequentially(TestNG.java:1244)
	at org.testng.TestNG.runSuitesLocally(TestNG.java:1169)
	at org.testng.TestNG.run(TestNG.java:1064)
	at org.apache.maven.surefire.testng.TestNGExecutor.run(TestNGExecutor.java:74)
	at org.apache.maven.surefire.testng.TestNGXmlTestSuite.execute(TestNGXmlTestSuite.java:92)
	at org.apache.maven.surefire.Surefire.run(Surefire.java:180)
	at sun.reflect.NativeMethodAccessorImpl.invoke0(Native Method)
	at sun.reflect.NativeMethodAccessorImpl.invoke(NativeMethodAccessorImpl.java:62)
	at sun.reflect.DelegatingMethodAccessorImpl.invoke(DelegatingMethodAccessorImpl.java:43)
	at java.lang.reflect.Method.invoke(Method.java:498)
	at org.apache.maven.surefire.booter.SurefireBooter.runSuitesInProcess(SurefireBooter.java:350)
	at org.apache.maven.surefire.booter.SurefireBooter.main(SurefireBooter.java:1021)
</system-err>
  </testcase>
  <testcase classname="testcase.Blog_login" name="huifu" time="3.602">
    <failure type="java.lang.NullPointerException">java.lang.NullPointerException
	at util.SeleniumUtil.click(SeleniumUtil.java:99)
	at pageHelper.HelperLoginPage.clicktie(HelperLoginPage.java:34)
	at pageHelper.HelperLoginPage.huifu(HelperLoginPage.java:99)
	at testcase.Blog_login.huifu(Blog_login.java:30)
</failure>
    <system-err>org.openqa.selenium.NoSuchElementException: no such element: Unable to locate element: {&quot;method&quot;:&quot;xpath&quot;,&quot;selector&quot;:&quot;//*[@id=&quot;normalthread_3&quot;]/tr/th/a[1]&quot;}
  (Session info: chrome=66.0.3359.181)
  (Driver info: chromedriver=2.38.552522 (437e6fbedfa8762dec75e2c5b3ddb86763dc9dcb),platform=Windows NT 6.3.9600 x86_64) (WARNING: The server did not provide any stacktrace information)
Command duration or timeout: 0 milliseconds
For documentation on this error, please visit: http://seleniumhq.org/exceptions/no_such_element.html
Build info: version: &apos;3.5.1&apos;, revision: &apos;9c21bb67ef&apos;, time: &apos;2017-08-17T15:26:08.955Z&apos;
System info: host: &apos;TR&apos;, ip: &apos;192.168.137.1&apos;, os.name: &apos;Windows 8.1&apos;, os.arch: &apos;amd64&apos;, os.version: &apos;6.3&apos;, java.version: &apos;1.8.0_151&apos;
Driver info: org.openqa.selenium.chrome.ChromeDriver
Capabilities [{mobileEmulationEnabled=false, hasTouchScreen=false, platform=WIN8_1, acceptSslCerts=false, acceptInsecureCerts=false, webStorageEnabled=true, browserName=chrome, takesScreenshot=true, javascriptEnabled=true, setWindowRect=true, unexpectedAlertBehaviour=, applicationCacheEnabled=false, rotatable=false, networkConnectionEnabled=false, chrome={chromedriverVersion=2.38.552522 (437e6fbedfa8762dec75e2c5b3ddb86763dc9dcb), userDataDir=C:\Users\CHENJI~1\AppData\Local\Temp\scoped_dir4784_1006}, takesHeapSnapshot=true, pageLoadStrategy=normal, unhandledPromptBehavior=, databaseEnabled=false, handlesAlerts=true, version=66.0.3359.181, browserConnectionEnabled=false, nativeEvents=true, locationContextEnabled=true, cssSelectorsEnabled=true}]
Session ID: bf481d5346cf5c2ef496406a3eb24056
*** Element info: {Using=xpath, value=//*[@id=&quot;normalthread_3&quot;]/tr/th/a[1]}
	at sun.reflect.NativeConstructorAccessorImpl.newInstance0(Native Method)
	at sun.reflect.NativeConstructorAccessorImpl.newInstance(NativeConstructorAccessorImpl.java:62)
	at sun.reflect.DelegatingConstructorAccessorImpl.newInstance(DelegatingConstructorAccessorImpl.java:45)
	at java.lang.reflect.Constructor.newInstance(Constructor.java:423)
	at org.openqa.selenium.remote.ErrorHandler.createThrowable(ErrorHandler.java:215)
	at org.openqa.selenium.remote.ErrorHandler.throwIfResponseFailed(ErrorHandler.java:167)
	at org.openqa.selenium.remote.http.JsonHttpResponseCodec.reconstructValue(JsonHttpResponseCodec.java:40)
	at org.openqa.selenium.remote.http.AbstractHttpResponseCodec.decode(AbstractHttpResponseCodec.java:82)
	at org.openqa.selenium.remote.http.AbstractHttpResponseCodec.decode(AbstractHttpResponseCodec.java:45)
	at org.openqa.selenium.remote.HttpCommandExecutor.execute(HttpCommandExecutor.java:164)
	at org.openqa.selenium.remote.service.DriverCommandExecutor.execute(DriverCommandExecutor.java:82)
	at org.openqa.selenium.remote.RemoteWebDriver.execute(RemoteWebDriver.java:641)
	at org.openqa.selenium.remote.RemoteWebDriver.findElement(RemoteWebDriver.java:414)
	at org.openqa.selenium.remote.RemoteWebDriver.findElementByXPath(RemoteWebDriver.java:513)
	at org.openqa.selenium.By$ByXPath.findElement(By.java:361)
	at org.openqa.selenium.remote.RemoteWebDriver.findElement(RemoteWebDriver.java:406)
	at util.SeleniumUtil.findElement(SeleniumUtil.java:66)
	at util.SeleniumUtil.click(SeleniumUtil.java:98)
	at pageHelper.HelperLoginPage.clicktie(HelperLoginPage.java:34)
	at pageHelper.HelperLoginPage.huifu(HelperLoginPage.java:99)
	at testcase.Blog_login.huifu(Blog_login.java:30)
	at sun.reflect.NativeMethodAccessorImpl.invoke0(Native Method)
	at sun.reflect.NativeMethodAccessorImpl.invoke(NativeMethodAccessorImpl.java:62)
	at sun.reflect.DelegatingMethodAccessorImpl.invoke(DelegatingMethodAccessorImpl.java:43)
	at java.lang.reflect.Method.invoke(Method.java:498)
	at org.testng.internal.MethodInvocationHelper.invokeMethod(MethodInvocationHelper.java:86)
	at org.testng.internal.Invoker.invokeMethod(Invoker.java:643)
	at org.testng.internal.Invoker.invokeTestMethod(Invoker.java:820)
	at org.testng.internal.Invoker.invokeTestMethods(Invoker.java:1128)
	at org.testng.internal.TestMethodWorker.invokeTestMethods(TestMethodWorker.java:129)
	at org.testng.internal.TestMethodWorker.run(TestMethodWorker.java:112)
	at org.testng.TestRunner.privateRun(TestRunner.java:782)
	at org.testng.TestRunner.run(TestRunner.java:632)
	at org.testng.SuiteRunner.runTest(SuiteRunner.java:366)
	at org.testng.SuiteRunner.runSequentially(SuiteRunner.java:361)
	at org.testng.SuiteRunner.privateRun(SuiteRunner.java:319)
	at org.testng.SuiteRunner.run(SuiteRunner.java:268)
	at org.testng.SuiteRunnerWorker.runSuite(SuiteRunnerWorker.java:52)
	at org.testng.SuiteRunnerWorker.run(SuiteRunnerWorker.java:86)
	at org.testng.TestNG.runSuitesSequentially(TestNG.java:1244)
	at org.testng.TestNG.runSuitesLocally(TestNG.java:1169)
	at org.testng.TestNG.run(TestNG.java:1064)
	at org.apache.maven.surefire.testng.TestNGExecutor.run(TestNGExecutor.java:74)
	at org.apache.maven.surefire.testng.TestNGXmlTestSuite.execute(TestNGXmlTestSuite.java:92)
	at org.apache.maven.surefire.Surefire.run(Surefire.java:180)
	at sun.reflect.NativeMethodAccessorImpl.invoke0(Native Method)
	at sun.reflect.NativeMethodAccessorImpl.invoke(NativeMethodAccessorImpl.java:62)
	at sun.reflect.DelegatingMethodAccessorImpl.invoke(DelegatingMethodAccessorImpl.java:43)
	at java.lang.reflect.Method.invoke(Method.java:498)
	at org.apache.maven.surefire.booter.SurefireBooter.runSuitesInProcess(SurefireBooter.java:350)
	at org.apache.maven.surefire.booter.SurefireBooter.main(SurefireBooter.java:1021)
</system-err>
  </testcase>
  <testcase classname="testcase.Blog_login" name="login" time="7.124"/>
  <testcase classname="testcase.Blog_huitie" name="huitie" time="10.404">
    <failure message="unknown error: Element &lt;a href=&quot;member.php?mod=logging&amp;action=logout&amp;formhash=c4b7e1d7&quot;&gt;...&lt;/a&gt; is not clickable at point (1432, 7). Other element would receive the click: &lt;div id=&quot;fwin_dialog_cover&quot; style=&quot;position: absolute; z-index: 900; top: 0px; left: 0px; width: 100%; height: 947px; background-color: rgb(0, 0, 0); opacity: 0.5;&quot;&gt;&lt;/div&gt;
  (Session info: chrome=66.0.3359.181)
  (Driver info: chromedriver=2.38.552522 (437e6fbedfa8762dec75e2c5b3ddb86763dc9dcb),platform=Windows NT 6.3.9600 x86_64) (WARNING: The server did not provide any stacktrace information)
Command duration or timeout: 0 milliseconds
Build info: version: &apos;3.5.1&apos;, revision: &apos;9c21bb67ef&apos;, time: &apos;2017-08-17T15:26:08.955Z&apos;
System info: host: &apos;TR&apos;, ip: &apos;192.168.137.1&apos;, os.name: &apos;Windows 8.1&apos;, os.arch: &apos;amd64&apos;, os.version: &apos;6.3&apos;, java.version: &apos;1.8.0_151&apos;
Driver info: org.openqa.selenium.chrome.ChromeDriver
Capabilities [{mobileEmulationEnabled=false, hasTouchScreen=false, platform=WIN8_1, acceptSslCerts=false, acceptInsecureCerts=false, webStorageEnabled=true, browserName=chrome, takesScreenshot=true, javascriptEnabled=true, setWindowRect=true, unexpectedAlertBehaviour=, applicationCacheEnabled=false, rotatable=false, networkConnectionEnabled=false, chrome={chromedriverVersion=2.38.552522 (437e6fbedfa8762dec75e2c5b3ddb86763dc9dcb), userDataDir=C:\Users\CHENJI~1\AppData\Local\Temp\scoped_dir15916_30205}, takesHeapSnapshot=true, pageLoadStrategy=normal, unhandledPromptBehavior=, databaseEnabled=false, handlesAlerts=true, version=66.0.3359.181, browserConnectionEnabled=false, nativeEvents=true, locationContextEnabled=true, cssSelectorsEnabled=true}]
Session ID: 42e4678856257e2c66bf42ec56ee46ad" type="org.openqa.selenium.WebDriverException">org.openqa.selenium.WebDriverException: unknown error: Element &lt;a href=&quot;member.php?mod=logging&amp;action=logout&amp;formhash=c4b7e1d7&quot;&gt;...&lt;/a&gt; is not clickable at point (1432, 7). Other element would receive the click: &lt;div id=&quot;fwin_dialog_cover&quot; style=&quot;position: absolute; z-index: 900; top: 0px; left: 0px; width: 100%; height: 947px; background-color: rgb(0, 0, 0); opacity: 0.5;&quot;&gt;&lt;/div&gt;
  (Session info: chrome=66.0.3359.181)
  (Driver info: chromedriver=2.38.552522 (437e6fbedfa8762dec75e2c5b3ddb86763dc9dcb),platform=Windows NT 6.3.9600 x86_64) (WARNING: The server did not provide any stacktrace information)
Command duration or timeout: 0 milliseconds
Build info: version: &apos;3.5.1&apos;, revision: &apos;9c21bb67ef&apos;, time: &apos;2017-08-17T15:26:08.955Z&apos;
System info: host: &apos;TR&apos;, ip: &apos;192.168.137.1&apos;, os.name: &apos;Windows 8.1&apos;, os.arch: &apos;amd64&apos;, os.version: &apos;6.3&apos;, java.version: &apos;1.8.0_151&apos;
Driver info: org.openqa.selenium.chrome.ChromeDriver
Capabilities [{mobileEmulationEnabled=false, hasTouchScreen=false, platform=WIN8_1, acceptSslCerts=false, acceptInsecureCerts=false, webStorageEnabled=true, browserName=chrome, takesScreenshot=true, javascriptEnabled=true, setWindowRect=true, unexpectedAlertBehaviour=, applicationCacheEnabled=false, rotatable=false, networkConnectionEnabled=false, chrome={chromedriverVersion=2.38.552522 (437e6fbedfa8762dec75e2c5b3ddb86763dc9dcb), userDataDir=C:\Users\CHENJI~1\AppData\Local\Temp\scoped_dir15916_30205}, takesHeapSnapshot=true, pageLoadStrategy=normal, unhandledPromptBehavior=, databaseEnabled=false, handlesAlerts=true, version=66.0.3359.181, browserConnectionEnabled=false, nativeEvents=true, locationContextEnabled=true, cssSelectorsEnabled=true}]
Session ID: 42e4678856257e2c66bf42ec56ee46ad
	at sun.reflect.NativeConstructorAccessorImpl.newInstance0(Native Method)
	at sun.reflect.NativeConstructorAccessorImpl.newInstance(NativeConstructorAccessorImpl.java:62)
	at sun.reflect.DelegatingConstructorAccessorImpl.newInstance(DelegatingConstructorAccessorImpl.java:45)
	at java.lang.reflect.Constructor.newInstance(Constructor.java:423)
	at org.openqa.selenium.remote.ErrorHandler.createThrowable(ErrorHandler.java:215)
	at org.openqa.selenium.remote.ErrorHandler.throwIfResponseFailed(ErrorHandler.java:167)
	at org.openqa.selenium.remote.http.JsonHttpResponseCodec.reconstructValue(JsonHttpResponseCodec.java:40)
	at org.openqa.selenium.remote.http.AbstractHttpResponseCodec.decode(AbstractHttpResponseCodec.java:82)
	at org.openqa.selenium.remote.http.AbstractHttpResponseCodec.decode(AbstractHttpResponseCodec.java:45)
	at org.openqa.selenium.remote.HttpCommandExecutor.execute(HttpCommandExecutor.java:164)
	at org.openqa.selenium.remote.service.DriverCommandExecutor.execute(DriverCommandExecutor.java:82)
	at org.openqa.selenium.remote.RemoteWebDriver.execute(RemoteWebDriver.java:641)
	at org.openqa.selenium.remote.RemoteWebElement.execute(RemoteWebElement.java:275)
	at org.openqa.selenium.remote.RemoteWebElement.click(RemoteWebElement.java:82)
	at util.SeleniumUtil.click(SeleniumUtil.java:99)
	at pageHelper.HelperfateiPage.clicklogout(HelperfateiPage.java:45)
	at testcase.Blog_huitie.huitie(Blog_huitie.java:23)
</failure>
  </testcase>
  <testcase classname="testcase.Blog_pu_login" name="login" time="10.274"/>
  <testcase classname="testcase.Blog_toupiao" name="tou" time="17.072">
    <failure message="超时!! 10 秒之后还没找到元素 [By.id: option_1]" type="java.lang.AssertionError">java.lang.AssertionError: 超时!! 10 秒之后还没找到元素 [By.id: option_1]
	at org.testng.Assert.fail(Assert.java:94)
	at util.SeleniumUtil.waitForElementLoad(SeleniumUtil.java:198)
	at pageHelper.HelperToupiao.xuan(HelperToupiao.java:43)
	at testcase.Blog_toupiao.tou(Blog_toupiao.java:29)
</failure>
  </testcase>
  <testcase classname="testcase.admin_login" name="A_login" time="31.651"/>
  <testcase classname="testcase.Blog_sreach" name="sreach" time="33.075"/>
</testsuite>