<?xml version="1.0" encoding="UTF-8"?>
<!-- Generated by org.testng.reporters.JUnitXMLReporter -->
<testsuite hostname="TR" name="User" tests="8" failures="4" timestamp="30 May 2018 11:22:36 GMT" time="167.426" errors="0">
  <testcase name="Alogin" time="18.146" classname="testcase.Blog_login">
    <failure type="java.lang.NullPointerException">
      <![CDATA[java.lang.NullPointerException
	at util.SeleniumUtil.click(SeleniumUtil.java:99)
	at pageHelper.HelperLoginPage.clickkuai(HelperLoginPage.java:71)
	at pageHelper.HelperLoginPage.adminlogin(HelperLoginPage.java:129)
	at testcase.Blog_login.Alogin(Blog_login.java:34)
... Removed 30 stack frames]]>
    </failure>
  </testcase> <!-- Alogin -->
  <testcase name="huifu" time="3.601" classname="testcase.Blog_login">
    <failure type="java.lang.NullPointerException">
      <![CDATA[java.lang.NullPointerException
	at util.SeleniumUtil.click(SeleniumUtil.java:99)
	at pageHelper.HelperLoginPage.clicktie(HelperLoginPage.java:34)
	at pageHelper.HelperLoginPage.huifu(HelperLoginPage.java:99)
	at testcase.Blog_login.huifu(Blog_login.java:30)
... Removed 30 stack frames]]>
    </failure>
  </testcase> <!-- huifu -->
  <testcase name="login" time="7.124" classname="testcase.Blog_login"/>
  <testcase name="huitie" time="10.405" classname="testcase.Blog_huitie">
    <failure type="org.openqa.selenium.WebDriverException" message="unknown error: Element &amp;lt;a href=&amp;quot;member.php?mod=logging&amp;amp;action=logout&amp;amp;formhash=c4b7e1d7&amp;quot;&amp;gt;...&amp;lt;/a&amp;gt; is not clickable at point (1432, 7). Other element would receive the click: &amp;lt;div id=&amp;quot;fwin_dialog_cover&amp;quot; style=&amp;quot;position: absolute; z-index: 900; top: 0px; left: 0px; width: 100%; height: 947px; background-color: rgb(0, 0, 0); opacity: 0.5;&amp;quot;&amp;gt;&amp;lt;/div&amp;gt;
  (Session info: chrome=66.0.3359.181)
  (Driver info: chromedriver=2.38.552522 (437e6fbedfa8762dec75e2c5b3ddb86763dc9dcb),platform=Windows NT 6.3.9600 x86_64) (WARNING: The server did not provide any stacktrace information)
Command duration or timeout: 0 milliseconds
Build info: version: &amp;apos;3.5.1&amp;apos;, revision: &amp;apos;9c21bb67ef&amp;apos;, time: &amp;apos;2017-08-17T15:26:08.955Z&amp;apos;
System info: host: &amp;apos;TR&amp;apos;, ip: &amp;apos;192.168.137.1&amp;apos;, os.name: &amp;apos;Windows 8.1&amp;apos;, os.arch: &amp;apos;amd64&amp;apos;, os.version: &amp;apos;6.3&amp;apos;, java.version: &amp;apos;1.8.0_151&amp;apos;
Driver info: org.openqa.selenium.chrome.ChromeDriver
Capabilities [{mobileEmulationEnabled=false, hasTouchScreen=false, platform=WIN8_1, acceptSslCerts=false, acceptInsecureCerts=false, webStorageEnabled=true, browserName=chrome, takesScreenshot=true, javascriptEnabled=true, setWindowRect=true, unexpectedAlertBehaviour=, applicationCacheEnabled=false, rotatable=false, networkConnectionEnabled=false, chrome={chromedriverVersion=2.38.552522 (437e6fbedfa8762dec75e2c5b3ddb86763dc9dcb), userDataDir=C:\Users\CHENJI~1\AppData\Local\Temp\scoped_dir15916_30205}, takesHeapSnapshot=true, pageLoadStrategy=normal, unhandledPromptBehavior=, databaseEnabled=false, handlesAlerts=true, version=66.0.3359.181, browserConnectionEnabled=false, nativeEvents=true, locationContextEnabled=true, cssSelectorsEnabled=true}]
Session ID: 42e4678856257e2c66bf42ec56ee46ad">
      <![CDATA[org.openqa.selenium.WebDriverException: unknown error: Element <a href="member.php?mod=logging&action=logout&formhash=c4b7e1d7">...</a> is not clickable at point (1432, 7). Other element would receive the click: <div id="fwin_dialog_cover" style="position: absolute; z-index: 900; top: 0px; left: 0px; width: 100%; height: 947px; background-color: rgb(0, 0, 0); opacity: 0.5;"></div>
  (Session info: chrome=66.0.3359.181)
  (Driver info: chromedriver=2.38.552522 (437e6fbedfa8762dec75e2c5b3ddb86763dc9dcb),platform=Windows NT 6.3.9600 x86_64) (WARNING: The server did not provide any stacktrace information)
Command duration or timeout: 0 milliseconds
Build info: version: '3.5.1', revision: '9c21bb67ef', time: '2017-08-17T15:26:08.955Z'
System info: host: 'TR', ip: '192.168.137.1', os.name: 'Windows 8.1', os.arch: 'amd64', os.version: '6.3', java.version: '1.8.0_151'
Driver info: org.openqa.selenium.chrome.ChromeDriver
Capabilities [{mobileEmulationEnabled=false, hasTouchScreen=false, platform=WIN8_1, acceptSslCerts=false, acceptInsecureCerts=false, webStorageEnabled=true, browserName=chrome, takesScreenshot=true, javascriptEnabled=true, setWindowRect=true, unexpectedAlertBehaviour=, applicationCacheEnabled=false, rotatable=false, networkConnectionEnabled=false, chrome={chromedriverVersion=2.38.552522 (437e6fbedfa8762dec75e2c5b3ddb86763dc9dcb), userDataDir=C:\Users\CHENJI~1\AppData\Local\Temp\scoped_dir15916_30205}, takesHeapSnapshot=true, pageLoadStrategy=normal, unhandledPromptBehavior=, databaseEnabled=false, handlesAlerts=true, version=66.0.3359.181, browserConnectionEnabled=false, nativeEvents=true, locationContextEnabled=true, cssSelectorsEnabled=true}]
Session ID: 42e4678856257e2c66bf42ec56ee46ad
	at org.openqa.selenium.remote.ErrorHandler.createThrowable(ErrorHandler.java:215)
	at org.openqa.selenium.remote.ErrorHandler.throwIfResponseFailed(ErrorHandler.java:167)
	at org.openqa.selenium.remote.http.JsonHttpResponseCodec.reconstructValue(JsonHttpResponseCodec.java:40)
	at org.openqa.selenium.remote.http.AbstractHttpResponseCodec.decode(AbstractHttpResponseCodec.java:82)
	at org.openqa.selenium.remote.http.AbstractHttpResponseCodec.decode(AbstractHttpResponseCodec.java:45)
	at org.openqa.selenium.remote.HttpCommandExecutor.execute(HttpCommandExecutor.java:164)
	at org.openqa.selenium.remote.service.DriverCommandExecutor.execute(DriverCommandExecutor.java:82)
	at org.openqa.selenium.remote.RemoteWebDriver.execute(RemoteWebDriver.java:641)
	at org.openqa.selenium.remote.RemoteWebElement.execute(RemoteWebElement.java:275)
	at org.openqa.selenium.remote.RemoteWebElement.click(RemoteWebElement.java:82)
	at util.SeleniumUtil.click(SeleniumUtil.java:99)
	at pageHelper.HelperfateiPage.clicklogout(HelperfateiPage.java:45)
	at testcase.Blog_huitie.huitie(Blog_huitie.java:23)
... Removed 34 stack frames]]>
    </failure>
  </testcase> <!-- huitie -->
  <testcase name="login" time="10.274" classname="testcase.Blog_pu_login"/>
  <testcase name="tou" time="17.073" classname="testcase.Blog_toupiao">
    <failure type="java.lang.AssertionError" message="超时!! 10 秒之后还没找到元素 [By.id: option_1]">
      <![CDATA[java.lang.AssertionError: 超时!! 10 秒之后还没找到元素 [By.id: option_1]
	at util.SeleniumUtil.waitForElementLoad(SeleniumUtil.java:198)
	at pageHelper.HelperToupiao.xuan(HelperToupiao.java:43)
	at testcase.Blog_toupiao.tou(Blog_toupiao.java:29)
... Removed 31 stack frames]]>
    </failure>
  </testcase> <!-- tou -->
  <testcase name="A_login" time="31.651" classname="testcase.admin_login"/>
  <testcase name="sreach" time="33.075" classname="testcase.Blog_sreach"/>
</testsuite> <!-- User -->
